C:\MSYS\HOME\ZHAN\REPOSITORY\GRAPH-STUDY\GENERATOR-SNIA-MET\DEBUG\GENERATOR-SNIA-MET.OBJ
C:\MSYS\HOME\ZHAN\REPOSITORY\GRAPH-STUDY\GENERATOR-SNIA-MET\DEBUG\VC110.PDB
C:\MSYS\HOME\ZHAN\REPOSITORY\GRAPH-STUDY\DEBUG\GENERATOR-SNIA-MET.ILK
C:\MSYS\HOME\ZHAN\REPOSITORY\GRAPH-STUDY\DEBUG\GENERATOR-SNIA-MET.EXE
C:\MSYS\HOME\ZHAN\REPOSITORY\GRAPH-STUDY\DEBUG\GENERATOR-SNIA-MET.PDB
C:\msys\home\Zhan\repository\graph-study\generator-snia-met\Debug\cl.command.1.tlog
C:\msys\home\Zhan\repository\graph-study\generator-snia-met\Debug\CL.read.1.tlog
C:\msys\home\Zhan\repository\graph-study\generator-snia-met\Debug\CL.write.1.tlog
C:\msys\home\Zhan\repository\graph-study\generator-snia-met\Debug\link-cvtres.read.1.tlog
C:\msys\home\Zhan\repository\graph-study\generator-snia-met\Debug\link-cvtres.write.1.tlog
C:\msys\home\Zhan\repository\graph-study\generator-snia-met\Debug\link-rc.read.1.tlog
C:\msys\home\Zhan\repository\graph-study\generator-snia-met\Debug\link-rc.write.1.tlog
C:\msys\home\Zhan\repository\graph-study\generator-snia-met\Debug\link.2644-cvtres.read.1.tlog
C:\msys\home\Zhan\repository\graph-study\generator-snia-met\Debug\link.2644-cvtres.write.1.tlog
C:\msys\home\Zhan\repository\graph-study\generator-snia-met\Debug\link.2644-rc.read.1.tlog
C:\msys\home\Zhan\repository\graph-study\generator-snia-met\Debug\link.2644-rc.write.1.tlog
C:\msys\home\Zhan\repository\graph-study\generator-snia-met\Debug\link.2644.read.1.tlog
C:\msys\home\Zhan\repository\graph-study\generator-snia-met\Debug\link.2644.write.1.tlog
C:\msys\home\Zhan\repository\graph-study\generator-snia-met\Debug\link.5044-cvtres.read.1.tlog
C:\msys\home\Zhan\repository\graph-study\generator-snia-met\Debug\link.5044-cvtres.write.1.tlog
C:\msys\home\Zhan\repository\graph-study\generator-snia-met\Debug\link.5044-rc.read.1.tlog
C:\msys\home\Zhan\repository\graph-study\generator-snia-met\Debug\link.5044-rc.write.1.tlog
C:\msys\home\Zhan\repository\graph-study\generator-snia-met\Debug\link.5044.read.1.tlog
C:\msys\home\Zhan\repository\graph-study\generator-snia-met\Debug\link.5044.write.1.tlog
C:\msys\home\Zhan\repository\graph-study\generator-snia-met\Debug\link.8040-cvtres.read.1.tlog
C:\msys\home\Zhan\repository\graph-study\generator-snia-met\Debug\link.8040-cvtres.write.1.tlog
C:\msys\home\Zhan\repository\graph-study\generator-snia-met\Debug\link.8040-rc.read.1.tlog
C:\msys\home\Zhan\repository\graph-study\generator-snia-met\Debug\link.8040-rc.write.1.tlog
C:\msys\home\Zhan\repository\graph-study\generator-snia-met\Debug\link.8040.read.1.tlog
C:\msys\home\Zhan\repository\graph-study\generator-snia-met\Debug\link.8040.write.1.tlog
C:\msys\home\Zhan\repository\graph-study\generator-snia-met\Debug\link.command.1.tlog
C:\msys\home\Zhan\repository\graph-study\generator-snia-met\Debug\link.read.1.tlog
C:\msys\home\Zhan\repository\graph-study\generator-snia-met\Debug\link.write.1.tlog
C:\msys\home\Zhan\repository\graph-study\generator-snia-met\Debug\vc110.idb
C:\msys\home\Zhan\repository\graph-study\generator-snia-met\Debug\vc110.pdb
C:\msys\home\Zhan\repository\graph-study\Debug\generator-snia-met.pdb
C:\msys\home\Zhan\repository\graph-study\Debug\generator-snia-met.exe
C:\msys\home\Zhan\repository\graph-study\Debug\generator-snia-met.ilk
